<?xml version="1.0" encoding="UTF-8"?>
<!-- Generated by org.testng.reporters.JUnitXMLReporter -->
<testsuite ignored="0" hostname="LAPTOP-0NFICUTO" failures="0" tests="6" name="Chrome Test" time="220.261" errors="0" timestamp="2023-06-22T11:36:34 IST">
  <testcase classname="TestCases.testcase" name="RegisterUser" time="30.455"/>
  <testcase classname="TestCases.testcase" name="Login" time="11.57"/>
  <testcase classname="TestCases.testcase" name="LoginWithInvalid" time="8.507"/>
  <testcase classname="TestCases.testcase" name="RemovingfromCart" time="17.699"/>
  <testcase classname="TestCases.testcase" name="Search" time="27.931"/>
  <testcase classname="TestCases.testcase" name="AddReviewToProduct" time="16.691"/>
</testsuite> <!-- Chrome Test -->
