<?xml version="1.0" encoding="UTF-8"?>
<!-- Generated by org.testng.reporters.JUnitXMLReporter -->
<testsuite ignored="0" hostname="LAPTOP-0NFICUTO" failures="0" tests="6" name="Firefox Test" time="213.418" errors="0" timestamp="2023-06-22T11:36:27 IST">
  <testcase classname="TestCases.testcase" name="RegisterUser" time="27.813"/>
  <testcase classname="TestCases.testcase" name="Login" time="8.753"/>
  <testcase classname="TestCases.testcase" name="LoginWithInvalid" time="7.213"/>
  <testcase classname="TestCases.testcase" name="RemovingfromCart" time="16.518"/>
  <testcase classname="TestCases.testcase" name="Search" time="37.655"/>
  <testcase classname="TestCases.testcase" name="AddReviewToProduct" time="22.405"/>
</testsuite> <!-- Firefox Test -->
