<?xml version="1.0" encoding="UTF-8"?>
<testng-results ignored="0" total="12" passed="12" failed="0" skipped="0">
  <reporter-output>
  </reporter-output>
  <suite started-at="2023-06-22T11:32:53 IST" name="Suite" finished-at="2023-06-22T11:36:34 IST" duration-ms="220261">
    <groups>
    </groups>
    <test started-at="2023-06-22T11:32:53 IST" name="Firefox Test" finished-at="2023-06-22T11:36:27 IST" duration-ms="213418">
      <class name="TestCases.testcase">
        <test-method is-config="true" signature="Setup(java.lang.String)[pri:0, instance:TestCases.testcase@6973b51b]" started-at="2023-06-22T11:32:53 IST" name="Setup" finished-at="2023-06-22T11:32:59 IST" duration-ms="5991" status="PASS">
          <params>
            <param index="0">
              <value>
                <![CDATA[6666]]>
              </value>
            </param>
          </params>
          <reporter-output>
          </reporter-output>
        </test-method> <!-- Setup -->
        <test-method signature="RegisterUser()[pri:1, instance:TestCases.testcase@6973b51b]" started-at="2023-06-22T11:32:59 IST" name="RegisterUser" finished-at="2023-06-22T11:33:27 IST" duration-ms="27813" status="PASS">
          <reporter-output>
          </reporter-output>
        </test-method> <!-- RegisterUser -->
        <test-method is-config="true" signature="Setup(java.lang.String)[pri:0, instance:TestCases.testcase@6973b51b]" started-at="2023-06-22T11:33:27 IST" name="Setup" finished-at="2023-06-22T11:33:36 IST" duration-ms="9372" status="PASS">
          <params>
            <param index="0">
              <value>
                <![CDATA[6666]]>
              </value>
            </param>
          </params>
          <reporter-output>
          </reporter-output>
        </test-method> <!-- Setup -->
        <test-method signature="Login()[pri:2, instance:TestCases.testcase@6973b51b]" started-at="2023-06-22T11:33:36 IST" name="Login" finished-at="2023-06-22T11:33:45 IST" duration-ms="8753" status="PASS">
          <reporter-output>
          </reporter-output>
        </test-method> <!-- Login -->
        <test-method is-config="true" signature="Setup(java.lang.String)[pri:0, instance:TestCases.testcase@6973b51b]" started-at="2023-06-22T11:33:45 IST" name="Setup" finished-at="2023-06-22T11:34:03 IST" duration-ms="17520" status="PASS">
          <params>
            <param index="0">
              <value>
                <![CDATA[6666]]>
              </value>
            </param>
          </params>
          <reporter-output>
          </reporter-output>
        </test-method> <!-- Setup -->
        <test-method signature="LoginWithInvalid()[pri:3, instance:TestCases.testcase@6973b51b]" started-at="2023-06-22T11:34:03 IST" name="LoginWithInvalid" finished-at="2023-06-22T11:34:10 IST" duration-ms="7213" status="PASS">
          <reporter-output>
          </reporter-output>
        </test-method> <!-- LoginWithInvalid -->
        <test-method is-config="true" signature="Setup(java.lang.String)[pri:0, instance:TestCases.testcase@6973b51b]" started-at="2023-06-22T11:34:10 IST" name="Setup" finished-at="2023-06-22T11:34:39 IST" duration-ms="28637" status="PASS">
          <params>
            <param index="0">
              <value>
                <![CDATA[6666]]>
              </value>
            </param>
          </params>
          <reporter-output>
          </reporter-output>
        </test-method> <!-- Setup -->
        <test-method signature="RemovingfromCart()[pri:4, instance:TestCases.testcase@6973b51b]" started-at="2023-06-22T11:34:39 IST" name="RemovingfromCart" finished-at="2023-06-22T11:34:55 IST" duration-ms="16518" status="PASS">
          <reporter-output>
          </reporter-output>
        </test-method> <!-- RemovingfromCart -->
        <test-method is-config="true" signature="Setup(java.lang.String)[pri:0, instance:TestCases.testcase@6973b51b]" started-at="2023-06-22T11:34:55 IST" name="Setup" finished-at="2023-06-22T11:35:13 IST" duration-ms="17638" status="PASS">
          <params>
            <param index="0">
              <value>
                <![CDATA[6666]]>
              </value>
            </param>
          </params>
          <reporter-output>
          </reporter-output>
        </test-method> <!-- Setup -->
        <test-method signature="Search()[pri:5, instance:TestCases.testcase@6973b51b]" started-at="2023-06-22T11:35:13 IST" name="Search" finished-at="2023-06-22T11:35:50 IST" duration-ms="37655" status="PASS">
          <reporter-output>
          </reporter-output>
        </test-method> <!-- Search -->
        <test-method is-config="true" signature="Setup(java.lang.String)[pri:0, instance:TestCases.testcase@6973b51b]" started-at="2023-06-22T11:35:50 IST" name="Setup" finished-at="2023-06-22T11:36:04 IST" duration-ms="13852" status="PASS">
          <params>
            <param index="0">
              <value>
                <![CDATA[6666]]>
              </value>
            </param>
          </params>
          <reporter-output>
          </reporter-output>
        </test-method> <!-- Setup -->
        <test-method signature="AddReviewToProduct()[pri:6, instance:TestCases.testcase@6973b51b]" started-at="2023-06-22T11:36:04 IST" name="AddReviewToProduct" finished-at="2023-06-22T11:36:27 IST" duration-ms="22405" status="PASS">
          <reporter-output>
          </reporter-output>
        </test-method> <!-- AddReviewToProduct -->
      </class> <!-- TestCases.testcase -->
    </test> <!-- Firefox Test -->
    <test started-at="2023-06-22T11:32:53 IST" name="Chrome Test" finished-at="2023-06-22T11:36:34 IST" duration-ms="220261">
      <class name="TestCases.testcase">
        <test-method is-config="true" signature="Setup(java.lang.String)[pri:0, instance:TestCases.testcase@6fe7aac8]" started-at="2023-06-22T11:32:53 IST" name="Setup" finished-at="2023-06-22T11:33:01 IST" duration-ms="7719" status="PASS">
          <params>
            <param index="0">
              <value>
                <![CDATA[5555]]>
              </value>
            </param>
          </params>
          <reporter-output>
          </reporter-output>
        </test-method> <!-- Setup -->
        <test-method signature="RegisterUser()[pri:1, instance:TestCases.testcase@6fe7aac8]" started-at="2023-06-22T11:33:01 IST" name="RegisterUser" finished-at="2023-06-22T11:33:31 IST" duration-ms="30455" status="PASS">
          <reporter-output>
          </reporter-output>
        </test-method> <!-- RegisterUser -->
        <test-method is-config="true" signature="Setup(java.lang.String)[pri:0, instance:TestCases.testcase@6fe7aac8]" started-at="2023-06-22T11:33:31 IST" name="Setup" finished-at="2023-06-22T11:33:45 IST" duration-ms="13068" status="PASS">
          <params>
            <param index="0">
              <value>
                <![CDATA[5555]]>
              </value>
            </param>
          </params>
          <reporter-output>
          </reporter-output>
        </test-method> <!-- Setup -->
        <test-method signature="Login()[pri:2, instance:TestCases.testcase@6fe7aac8]" started-at="2023-06-22T11:33:45 IST" name="Login" finished-at="2023-06-22T11:33:56 IST" duration-ms="11570" status="PASS">
          <reporter-output>
          </reporter-output>
        </test-method> <!-- Login -->
        <test-method is-config="true" signature="Setup(java.lang.String)[pri:0, instance:TestCases.testcase@6fe7aac8]" started-at="2023-06-22T11:33:56 IST" name="Setup" finished-at="2023-06-22T11:34:16 IST" duration-ms="19523" status="PASS">
          <params>
            <param index="0">
              <value>
                <![CDATA[5555]]>
              </value>
            </param>
          </params>
          <reporter-output>
          </reporter-output>
        </test-method> <!-- Setup -->
        <test-method signature="LoginWithInvalid()[pri:3, instance:TestCases.testcase@6fe7aac8]" started-at="2023-06-22T11:34:16 IST" name="LoginWithInvalid" finished-at="2023-06-22T11:34:24 IST" duration-ms="8507" status="PASS">
          <reporter-output>
          </reporter-output>
        </test-method> <!-- LoginWithInvalid -->
        <test-method is-config="true" signature="Setup(java.lang.String)[pri:0, instance:TestCases.testcase@6fe7aac8]" started-at="2023-06-22T11:34:24 IST" name="Setup" finished-at="2023-06-22T11:34:50 IST" duration-ms="25796" status="PASS">
          <params>
            <param index="0">
              <value>
                <![CDATA[5555]]>
              </value>
            </param>
          </params>
          <reporter-output>
          </reporter-output>
        </test-method> <!-- Setup -->
        <test-method signature="RemovingfromCart()[pri:4, instance:TestCases.testcase@6fe7aac8]" started-at="2023-06-22T11:34:50 IST" name="RemovingfromCart" finished-at="2023-06-22T11:35:08 IST" duration-ms="17699" status="PASS">
          <reporter-output>
          </reporter-output>
        </test-method> <!-- RemovingfromCart -->
        <test-method is-config="true" signature="Setup(java.lang.String)[pri:0, instance:TestCases.testcase@6fe7aac8]" started-at="2023-06-22T11:35:08 IST" name="Setup" finished-at="2023-06-22T11:35:32 IST" duration-ms="24149" status="PASS">
          <params>
            <param index="0">
              <value>
                <![CDATA[5555]]>
              </value>
            </param>
          </params>
          <reporter-output>
          </reporter-output>
        </test-method> <!-- Setup -->
        <test-method signature="Search()[pri:5, instance:TestCases.testcase@6fe7aac8]" started-at="2023-06-22T11:35:32 IST" name="Search" finished-at="2023-06-22T11:36:00 IST" duration-ms="27931" status="PASS">
          <reporter-output>
          </reporter-output>
        </test-method> <!-- Search -->
        <test-method is-config="true" signature="Setup(java.lang.String)[pri:0, instance:TestCases.testcase@6fe7aac8]" started-at="2023-06-22T11:36:00 IST" name="Setup" finished-at="2023-06-22T11:36:17 IST" duration-ms="17111" status="PASS">
          <params>
            <param index="0">
              <value>
                <![CDATA[5555]]>
              </value>
            </param>
          </params>
          <reporter-output>
          </reporter-output>
        </test-method> <!-- Setup -->
        <test-method signature="AddReviewToProduct()[pri:6, instance:TestCases.testcase@6fe7aac8]" started-at="2023-06-22T11:36:17 IST" name="AddReviewToProduct" finished-at="2023-06-22T11:36:34 IST" duration-ms="16691" status="PASS">
          <reporter-output>
          </reporter-output>
        </test-method> <!-- AddReviewToProduct -->
      </class> <!-- TestCases.testcase -->
    </test> <!-- Chrome Test -->
  </suite> <!-- Suite -->
</testng-results>
